Start-Date: 2016-12-11  12:43:16
Commandline: apt install android-tools-adb
Requested-By: anwar (1000)
Install: android-tools-adb:amd64 (5.1.1r36+git20160322-0ubuntu3)
Remove: adb:amd64 (1:6.0.1+r16-3)
End-Date: 2016-12-11  12:43:27

Start-Date: 2016-12-11  16:24:26
Commandline: apt-get install libudev1 libudev-dev libparted0-dev
Requested-By: anwar (1000)
Install: libdevmapper-dev:amd64 (2:1.02.110-1ubuntu10, automatic), libselinux1-dev:amd64 (2.4-3build2, automatic), libparted0-dev:amd64 (3.2-15), libparted-dev:amd64 (3.2-15, automatic), libsepol1-dev:amd64 (2.4-2, automatic), uuid-dev:amd64 (2.27.1-6ubuntu3.1, automatic), libblkid-dev:amd64 (2.27.1-6ubuntu3.1, automatic)
Upgrade: udev:amd64 (229-4ubuntu6, 229-4ubuntu12), libudev1:amd64 (229-4ubuntu6, 229-4ubuntu12), libudev1:i386 (229-4ubuntu6, 229-4ubuntu12), libblkid1:amd64 (2.27.1-6ubuntu3, 2.27.1-6ubuntu3.1), libudev-dev:amd64 (229-4ubuntu6, 229-4ubuntu12), libuuid1:amd64 (2.27.1-6ubuntu3, 2.27.1-6ubuntu3.1), libuuid1:i386 (2.27.1-6ubuntu3, 2.27.1-6ubuntu3.1)
End-Date: 2016-12-11  16:25:43

Start-Date: 2016-12-11  21:02:30
Commandline: apt install abootimg
Requested-By: anwar (1000)
Install: abootimg:amd64 (0.6-1)
End-Date: 2016-12-11  21:02:53

Start-Date: 2016-12-12  19:15:40
Commandline: aptdaemon role='role-commit-packages' sender=':1.293'
Install: libva-tpi1:amd64 (1.7.1-2~gd~x), intel-gpu-tools:amd64 (1.15-1intel1), libva-egl1:amd64 (1.7.1-2~gd~x), vainfo:amd64 (1.7.1-2~gd~x), libva-glx1:amd64 (1.7.1-2~gd~x)
Upgrade: libgles2-mesa:amd64 (13.1~git1611130730.151aec~gd~x, 13.1~git1612120730.609216~gd~x), libdrm-nouveau2:amd64 (2.4.73+git1611221830.1924b6~gd~x, 2.4.74+git1612060630.082579~gd~x), libdrm-nouveau2:i386 (2.4.73+git1611221830.1924b6~gd~x, 2.4.74+git1612060630.082579~gd~x), libegl1-mesa-dev:amd64 (13.1~git1611130730.151aec~gd~x, 13.1~git1612120730.609216~gd~x), libgles1-mesa:amd64 (13.1~git1611130730.151aec~gd~x, 13.1~git1612120730.609216~gd~x), libglapi-mesa:amd64 (13.1~git1611130730.151aec~gd~x, 13.1~git1612120730.609216~gd~x), libglapi-mesa:i386 (13.1~git1611130730.151aec~gd~x, 13.1~git1612120730.609216~gd~x), mesa-common-dev:amd64 (13.1~git1611130730.151aec~gd~x, 13.1~git1612120730.609216~gd~x), libxatracker2:amd64 (13.1~git1611130730.151aec~gd~x, 13.1~git1612120730.609216~gd~x), libegl1-mesa-drivers:amd64 (13.1~git1611130730.151aec~gd~x, 13.1~git1612120730.609216~gd~x), libegl1-mesa:amd64 (13.1~git1611130730.151aec~gd~x, 13.1~git1612120730.609216~gd~x), libgbm1:amd64 (13.1~git1611130730.151aec~gd~x, 13.1~git1612120730.609216~gd~x), libdrm-amdgpu1:amd64 (2.4.73+git1611221830.1924b6~gd~x, 2.4.74+git1612060630.082579~gd~x), libdrm-amdgpu1:i386 (2.4.73+git1611221830.1924b6~gd~x, 2.4.74+git1612060630.082579~gd~x), libwayland-egl1-mesa:amd64 (13.1~git1611130730.151aec~gd~x, 13.1~git1612120730.609216~gd~x), libgles2-mesa-dev:amd64 (13.1~git1611130730.151aec~gd~x, 13.1~git1612120730.609216~gd~x), libdrm2:amd64 (2.4.73+git1611221830.1924b6~gd~x, 2.4.74+git1612060630.082579~gd~x), libdrm2:i386 (2.4.73+git1611221830.1924b6~gd~x, 2.4.74+git1612060630.082579~gd~x), libgl1-mesa-dev:amd64 (13.1~git1611130730.151aec~gd~x, 13.1~git1612120730.609216~gd~x), libgl1-mesa-dri:amd64 (13.1~git1611130730.151aec~gd~x, 13.1~git1612120730.609216~gd~x), libgl1-mesa-dri:i386 (13.1~git1611130730.151aec~gd~x, 13.1~git1612120730.609216~gd~x), libosmesa6:amd64 (13.1~git1611130730.151aec~gd~x, 13.1~git1612120730.609216~gd~x), libosmesa6:i386 (13.1~git1611130730.151aec~gd~x, 13.1~git1612120730.609216~gd~x), libgl1-mesa-glx:amd64 (13.1~git1611130730.151aec~gd~x, 13.1~git1612120730.609216~gd~x), libgl1-mesa-glx:i386 (13.1~git1611130730.151aec~gd~x, 13.1~git1612120730.609216~gd~x), libdrm-intel1:amd64 (2.4.73+git1611221830.1924b6~gd~x, 2.4.74+git1612060630.082579~gd~x), libdrm-intel1:i386 (2.4.73+git1611221830.1924b6~gd~x, 2.4.74+git1612060630.082579~gd~x), libdrm-radeon1:amd64 (2.4.73+git1611221830.1924b6~gd~x, 2.4.74+git1612060630.082579~gd~x), libdrm-radeon1:i386 (2.4.73+git1611221830.1924b6~gd~x, 2.4.74+git1612060630.082579~gd~x), libdrm-dev:amd64 (2.4.73+git1611221830.1924b6~gd~x, 2.4.74+git1612060630.082579~gd~x)
End-Date: 2016-12-12  19:16:59

Start-Date: 2016-12-13  12:02:37
Commandline: apt install fondu
Requested-By: anwar (1000)
Install: fondu:amd64 (0.0.20060102-4.1)
End-Date: 2016-12-13  12:03:02

Start-Date: 2016-12-13  12:29:57
Commandline: apt install fonts-texgyre -t ubuntu-local
Requested-By: anwar (1000)
Install: tex-common:amd64 (6.04, automatic), fonts-texgyre:amd64 (2.004.2-4)
End-Date: 2016-12-13  12:30:33

Start-Date: 2016-12-13  14:17:33
Commandline: apt remove ttf-mscorefonts-installer
Requested-By: anwar (1000)
Remove: ttf-mscorefonts-installer:amd64 (3.6)
End-Date: 2016-12-13  14:17:36

Start-Date: 2016-12-13  14:17:53
Commandline: apt remove ttf-mscorefonts-installer+
Requested-By: anwar (1000)
Install: ttf-mscorefonts-installer:amd64 (3.6)
End-Date: 2016-12-13  14:21:00

Start-Date: 2016-12-13  23:37:38
Commandline: apt purge ttf-mscorefonts-installer
Requested-By: anwar (1000)
Purge: ttf-mscorefonts-installer:amd64 (3.6)
End-Date: 2016-12-13  23:38:04

Start-Date: 2016-12-13  23:42:48
Commandline: apt-get install ttf-mscorefonts-installer
Requested-By: anwar (1000)
Install: ttf-mscorefonts-installer:amd64 (3.6)
End-Date: 2016-12-13  23:43:51

Start-Date: 2016-12-17  20:52:45
Commandline: apt install fonts-sil-gentium
Requested-By: anwar (1000)
Install: fonts-sil-gentium:amd64 (20081126:1.03-1)
End-Date: 2016-12-17  20:53:09

Start-Date: 2016-12-19  17:16:16
Commandline: apt install clonezilla
Requested-By: anwar (1000)
Install: ash:amd64 (0.5.8-2.1ubuntu2, automatic), partclone:amd64 (0.2.86-1, automatic), ipcalc:amd64 (0.41-5, automatic), drbl:amd64 (2.11.15-1, automatic), partimage:amd64 (0.6.8-2.2ubuntu1, automatic), nilfs-tools:amd64 (2.2.3-2, automatic), wakeonlan:amd64 (0.41-11, automatic), pigz:amd64 (2.3.1-2, automatic), clonezilla:amd64 (3.10.11-3)
End-Date: 2016-12-19  17:16:53

Start-Date: 2016-12-19  21:14:55
Commandline: apt install nautilus-share pantheon
Requested-By: anwar (1000)
Install: nautilus-share:amd64 (0.7.3-2ubuntu1)
End-Date: 2016-12-19  21:15:17

Start-Date: 2016-12-19  21:17:12
Commandline: aptdaemon role='role-commit-packages' sender=':1.220'
Install: python-dnspython:amd64 (1.12.0-1, automatic), samba:amd64 (2:4.3.11+dfsg-0ubuntu0.16.04.1), samba-dsdb-modules:amd64 (2:4.3.11+dfsg-0ubuntu0.16.04.1, automatic), tdb-tools:amd64 (1.3.8-2, automatic), samba-vfs-modules:amd64 (2:4.3.11+dfsg-0ubuntu0.16.04.1, automatic)
Upgrade: python-samba:amd64 (2:4.3.9+dfsg-0ubuntu0.16.04.2, 2:4.3.11+dfsg-0ubuntu0.16.04.1), libwbclient0:amd64 (2:4.3.9+dfsg-0ubuntu0.16.04.2, 2:4.3.11+dfsg-0ubuntu0.16.04.1), samba-libs:amd64 (2:4.3.9+dfsg-0ubuntu0.16.04.2, 2:4.3.11+dfsg-0ubuntu0.16.04.1), samba-common:amd64 (2:4.3.9+dfsg-0ubuntu0.16.04.2, 2:4.3.11+dfsg-0ubuntu0.16.04.1), libsmbclient:amd64 (2:4.3.9+dfsg-0ubuntu0.16.04.2, 2:4.3.11+dfsg-0ubuntu0.16.04.1), smbclient:amd64 (2:4.3.9+dfsg-0ubuntu0.16.04.2, 2:4.3.11+dfsg-0ubuntu0.16.04.1), samba-common-bin:amd64 (2:4.3.9+dfsg-0ubuntu0.16.04.2, 2:4.3.11+dfsg-0ubuntu0.16.04.1)
End-Date: 2016-12-19  21:17:58

Start-Date: 2016-12-22  18:49:42
Commandline: apt-get install ffmpeg
Requested-By: anwar (1000)
Upgrade: ffmpeg:amd64 (7:2.8.6-1ubuntu2, 7:2.8.10-0ubuntu0.16.04.1)
End-Date: 2016-12-22  18:49:53

Start-Date: 2016-12-24  19:02:02
Commandline: apt install google-chrome-stable=55*
Requested-By: anwar (1000)
Upgrade: google-chrome-stable:amd64 (51.0.2704.79-1, 55.0.2883.87-1)
End-Date: 2016-12-24  19:02:32

Start-Date: 2016-12-24  20:30:20
Commandline: apt install symlinks
Requested-By: anwar (1000)
Install: symlinks:amd64 (1.4-3)
End-Date: 2016-12-24  20:30:29

Start-Date: 2016-12-26  12:53:49
Commandline: apt-get install postgresql-contrib
Requested-By: anwar (1000)
Install: postgresql-contrib:amd64 (9.5+173)
End-Date: 2016-12-26  12:53:59

Start-Date: 2016-12-26  18:43:00
Commandline: apt-get install --reinstall wvdial
Requested-By: anwar (1000)
Reinstall: wvdial:amd64 (1.61-4.1)
End-Date: 2016-12-26  18:43:07

Start-Date: 2016-12-26  18:43:46
Commandline: apt-get install --reinstall -o Dpkg::Options::=--force-confask wvdial
Requested-By: anwar (1000)
Reinstall: wvdial:amd64 (1.61-4.1)
End-Date: 2016-12-26  18:43:51

Start-Date: 2016-12-26  18:44:11
Commandline: apt-get install --reinstall -o Dpkg::Options::=--force-confask wvdial
Requested-By: anwar (1000)
Reinstall: wvdial:amd64 (1.61-4.1)
End-Date: 2016-12-26  18:44:16

Start-Date: 2016-12-26  18:44:30
Commandline: apt-get --reinstall -o Dpkg::Options::=--force-confask install wvdial
Requested-By: anwar (1000)
Reinstall: wvdial:amd64 (1.61-4.1)
End-Date: 2016-12-26  18:44:35

Start-Date: 2016-12-26  18:46:43
Commandline: apt-get --reinstall -o Dpkg::Options::=--force-confask -o Dpkg::Options::=--force-confask install wvdial
Requested-By: anwar (1000)
Reinstall: wvdial:amd64 (1.61-4.1)
End-Date: 2016-12-26  18:46:49

Start-Date: 2016-12-26  18:50:03
Commandline: apt-get --reinstall -o Dpkg::Options::=--force-confask install fuse
Requested-By: anwar (1000)
Upgrade: fuse:amd64 (2.9.4-1ubuntu3, 2.9.4-1ubuntu3.1), libfuse2:amd64 (2.9.4-1ubuntu3, 2.9.4-1ubuntu3.1)
End-Date: 2016-12-26  18:51:18

Start-Date: 2016-12-26  18:51:35
Commandline: apt-get --reinstall -o Dpkg::Options::=--force-confask install fuse
Requested-By: anwar (1000)
Reinstall: fuse:amd64 (2.9.4-1ubuntu3.1)
End-Date: 2016-12-26  18:52:08

Start-Date: 2016-12-26  20:21:21
Commandline: apt-get remove notepadqq
Requested-By: anwar (1000)
Remove: notepadqq:amd64 (0.53.0-0~xenial1)
End-Date: 2016-12-26  20:21:33

Start-Date: 2016-12-28  18:47:48
Commandline: apt purge california
Requested-By: anwar (1000)
Purge: california:amd64 (0.4.0-0ubuntu5)
End-Date: 2016-12-28  18:47:59

Start-Date: 2016-12-28  20:30:05
Commandline: apt install lxsession-edit
Requested-By: anwar (1000)
Install: lxsession-edit:amd64 (0.5.2-0ubuntu3)
End-Date: 2016-12-28  20:30:15

Start-Date: 2016-12-28  20:31:14
Commandline: apt install lxsession-default-apps
Requested-By: anwar (1000)
Install: lxsession-default-apps:amd64 (0.5.2-0ubuntu3)
End-Date: 2016-12-28  20:31:20
